
======================================================================
python : Traceback (most recent call last):
At line:1 char:92
+ ... THONUNBUFFERED=1 ; python scripts\train_model.py --quick 2>&1 | Out-F ...
+                        ~~~~~~~~~~~~~~~~~~~~~~~~~~~~~~~~~~~~~~~~~~
    + CategoryInfo          : NotSpecified: (Traceback (most recent call last)::S 
   tring) [], RemoteException
    + FullyQualifiedErrorId : NativeCommandError
 
  File "C:\Users\Rohan 
Burugapalli\Desktop\Fish\phishing-detector\scripts\train_model.py", line 424, in 
<module>
    print("\u26a1 QUICK TEST MODE")
    ~~~~~^^^^^^^^^^^^^^^^^^^^^^
  File "C:\Users\Rohan 
Burugapalli\AppData\Local\Programs\Python\Python313\Lib\encodings\cp1252.py", 
line 19, in encode
    return codecs.charmap_encode(input,self.errors,encoding_table)[0]
           ~~~~~~~~~~~~~~~~~~~~~^^^^^^^^^^^^^^^^^^^^^^^^^^^^^^^^^^
UnicodeEncodeError: 'charmap' codec can't encode character '\u26a1' in position 
0: character maps to <undefined>
